Build started 2014/05/24 (土) 00:15:00.
     1>Project "E:\Users\idest_000\SkyDrive\Visual Studio 2010\Projects\chart2mid\chart2mid\chart2mid.vcxproj" on node 2 (build target(s)).
     1>PrepareForBuild:
         Creating directory "E:\Users\idest_000\SkyDrive\Visual Studio 2010\Projects\chart2mid\Release\".
       InitializeBuildStatus:
         Creating "Release\chart2mid.unsuccessfulbuild" because "AlwaysCreate" was specified.
       ClCompile:
         C:\Program Files (x86)\Microsoft Visual Studio 10.0\VC\bin\CL.exe /c /Zi /nologo /W3 /WX- /O2 /Oi /Oy- /GL /D _MBCS /Gm- /EHsc /MD /GS /Gy /fp:precise /Zc:wchar_t /Zc:forScope /Fo"Release\\" /Fd"Release\vc100.pdb" /Gd /TP /analyze- /errorReport:prompt chart2mid.cpp
         chart2mid.cpp
     1>chart2mid.cpp(66): warning C4018: '<' : signed/unsigned mismatch
     1>chart2mid.cpp(67): warning C4244: '+=' : conversion from 'double' to 'byte', possible loss of data
     1>chart2mid.cpp(99): warning C4018: '>=' : signed/unsigned mismatch
     1>chart2mid.cpp(137): warning C4018: '<' : signed/unsigned mismatch
     1>chart2mid.cpp(144): warning C4018: '<' : signed/unsigned mismatch
     1>chart2mid.cpp(153): warning C4244: 'initializing' : conversion from 'double' to 'int', possible loss of data
     1>chart2mid.cpp(180): warning C4244: 'initializing' : conversion from 'double' to 'int', possible loss of data
     1>chart2mid.cpp(190): warning C4018: '<' : signed/unsigned mismatch
     1>chart2mid.cpp(483): warning C4018: '<' : signed/unsigned mismatch
     1>chart2mid.cpp(500): warning C4244: '=' : conversion from '__int64' to 'unsigned int', possible loss of data
     1>chart2mid.cpp(544): warning C4018: '<' : signed/unsigned mismatch
     1>chart2mid.cpp(602): warning C4018: '<' : signed/unsigned mismatch
     1>chart2mid.cpp(629): warning C4018: '<' : signed/unsigned mismatch
     1>chart2mid.cpp(259): warning C4101: 'number_of_tracks' : unreferenced local variable
       Link:
         C:\Program Files (x86)\Microsoft Visual Studio 10.0\VC\bin\link.exe /ERRORREPORT:PROMPT /OUT:"E:\Users\idest_000\SkyDrive\Visual Studio 2010\Projects\chart2mid\Release\chart2mid.exe" /NOLOGO kernel32.lib user32.lib gdi32.lib winspool.lib comdlg32.lib advapi32.lib shell32.lib ole32.lib oleaut32.lib uuid.lib odbc32.lib odbccp32.lib /MANIFEST /ManifestFile:"Release\chart2mid.exe.intermediate.manifest" /MANIFESTUAC:"level='asInvoker' uiAccess='false'" /DEBUG /PDB:"E:\Users\idest_000\SkyDrive\Visual Studio 2010\Projects\chart2mid\Release\chart2mid.pdb" /OPT:REF /OPT:ICF /LTCG /TLBID:1 /DYNAMICBASE /NXCOMPAT /IMPLIB:"E:\Users\idest_000\SkyDrive\Visual Studio 2010\Projects\chart2mid\Release\chart2mid.lib" /MACHINE:X86 Release\chart2mid.obj
         Generating code
         Finished generating code
         chart2mid.vcxproj -> E:\Users\idest_000\SkyDrive\Visual Studio 2010\Projects\chart2mid\Release\chart2mid.exe
       Manifest:
         C:\Program Files (x86)\Microsoft SDKs\Windows\v7.0A\bin\mt.exe /nologo /verbose /outputresource:"E:\Users\idest_000\SkyDrive\Visual Studio 2010\Projects\chart2mid\Release\chart2mid.exe;#1" /manifest Release\chart2mid.exe.intermediate.manifest
       FinalizeBuildStatus:
         Deleting file "Release\chart2mid.unsuccessfulbuild".
         Touching "Release\chart2mid.lastbuildstate".
     1>Done Building Project "E:\Users\idest_000\SkyDrive\Visual Studio 2010\Projects\chart2mid\chart2mid\chart2mid.vcxproj" (build target(s)).

Build succeeded.

Time Elapsed 00:00:02.83
